<?xml version="1.0" encoding="UTF-8"?>
<!-- Generated by org.testng.reporters.JUnitXMLReporter -->
<testsuite ignored="0" hostname="DESKTOP-HE77EJK" failures="0" tests="3" name="Surefire test" time="6.001" errors="0" timestamp="2025-05-26T14:31:52 PDT">
  <testcase classname="esauCompany.Tests.LoginTest" name="negativeLogin" time="0.278"/>
  <testcase classname="esauCompany.Tests.LoginTest" name="positiveLogin" time="0.258"/>
  <testcase classname="esauCompany.Tests.ShoppingTest" name="shopping" time="0.913"/>
</testsuite> <!-- Surefire test -->
