<?xml version="1.0" encoding="UTF-8"?>
<!-- Generated by org.testng.reporters.JUnitXMLReporter -->
<testsuite ignored="0" hostname="DESKTOP-HE77EJK" failures="1" tests="1" name="TestExample" time="2.173" errors="0" timestamp="2024-06-03T20:58:22 PDT">
  <testcase classname="esauCompany.Tests.ShoppingTest" name="shopping" time="0.276">
    <failure type="java.lang.NullPointerException" message="Cannot invoke &amp;quot;org.openqa.selenium.WebDriver.findElement(org.openqa.selenium.By)&amp;quot; because &amp;quot;driver&amp;quot; is null">
      <![CDATA[java.lang.NullPointerException: Cannot invoke "org.openqa.selenium.WebDriver.findElement(org.openqa.selenium.By)" because "driver" is null
at org.openqa.selenium.support.ui.ExpectedConditions$7.apply(ExpectedConditions.java:194)
at org.openqa.selenium.support.ui.ExpectedConditions$7.apply(ExpectedConditions.java:190)
at org.openqa.selenium.support.ui.FluentWait.until(FluentWait.java:203)
at esauCompany.CommonComponent.CommonComponent.waitForElementToAppear(CommonComponent.java:28)
at esauCompany.PageObjects.ProductCatalog.getProductsList(ProductCatalog.java:30)
at esauCompany.Tests.ShoppingTest.shopping(ShoppingTest.java:22)
at java.base/java.util.ArrayList.forEach(ArrayList.java:1511)
... Removed 27 stack frames]]>
    </failure>
  </testcase> <!-- shopping -->
</testsuite> <!-- TestExample -->
