<?xml version="1.0" encoding="UTF-8"?>
<!-- Generated by org.testng.reporters.JUnitXMLReporter -->
<testsuite ignored="0" hostname="DESKTOP-HE77EJK" failures="0" tests="3" name="Login Test" time="6.539" errors="0" timestamp="2024-06-08T11:12:40 PDT">
  <testcase classname="esauCompany.Tests.LoginTest" name="negativeLogin" time="0.272"/>
  <testcase classname="esauCompany.Tests.LoginTest" name="positiveLogin" time="0.288"/>
  <testcase classname="esauCompany.Tests.LoginTest" name="problemLogin" time="0.24"/>
</testsuite> <!-- Login Test -->
