<?xml version="1.0" encoding="UTF-8"?>
<!-- Generated by org.testng.reporters.JUnitXMLReporter -->
<testsuite ignored="0" hostname="DESKTOP-HE77EJK" failures="1" tests="4" name="Sort Test" time="8.121" errors="0" timestamp="2025-05-27T10:00:48 PDT">
  <testcase classname="esauCompany.Tests.ProductPageTest" name="SortNameTestAToZ" time="0.632"/>
  <testcase classname="esauCompany.Tests.ProductPageTest" name="SortNameTestZToA" time="0.424"/>
  <testcase classname="esauCompany.Tests.ProductPageTest" name="SortPriceHighToLow" time="0.423"/>
  <testcase classname="esauCompany.Tests.ProductPageTest" name="SortPriceLowToHigh" time="0.453">
    <failure type="java.lang.AssertionError" message="Prices not sorted low to high.: Lists differ at element [0]: 7.99 != 49.99 expected [7.99] but found [49.99]">
      <![CDATA[java.lang.AssertionError: Prices not sorted low to high.: Lists differ at element [0]: 7.99 != 49.99 expected [7.99] but found [49.99]
at esauCompany.Tests.ProductPageTest.SortPriceLowToHigh(ProductPageTest.java:57)
at java.base/java.util.ArrayList.forEach(ArrayList.java:1511)
at java.base/java.util.concurrent.FutureTask.run(FutureTask.java:264)
at java.base/java.util.concurrent.ThreadPoolExecutor.runWorker(ThreadPoolExecutor.java:1136)
at java.base/java.util.concurrent.ThreadPoolExecutor$Worker.run(ThreadPoolExecutor.java:635)
at java.base/java.lang.Thread.run(Thread.java:840)
... Removed 21 stack frames]]>
    </failure>
  </testcase> <!-- SortPriceLowToHigh -->
</testsuite> <!-- Sort Test -->
