<?xml version="1.0" encoding="UTF-8"?>
<!-- Generated by org.testng.reporters.JUnitXMLReporter -->
<testsuite ignored="0" hostname="DESKTOP-HE77EJK" failures="0" tests="4" name="Sort Test" time="11.41" errors="0" timestamp="2025-06-10T10:27:32 PDT">
  <testcase classname="esauCompany.Tests.ProductPageTest" name="SortNameTestAToZ" time="0.433"/>
  <testcase classname="esauCompany.Tests.ProductPageTest" name="SortNameTestZToA" time="0.416"/>
  <testcase classname="esauCompany.Tests.ProductPageTest" name="SortPriceHighToLow" time="0.432"/>
  <testcase classname="esauCompany.Tests.ProductPageTest" name="SortPriceLowToHigh" time="0.405"/>
</testsuite> <!-- Sort Test -->
