<?xml version="1.0" encoding="UTF-8"?>
<testsuite xmlns:xsi="http://www.w3.org/2001/XMLSchema-instance" xsi:noNamespaceSchemaLocation="https://maven.apache.org/surefire/maven-surefire-plugin/xsd/surefire-test-report-3.0.xsd" version="3.0" name="TestSuite" time="9.37" tests="4" errors="0" skipped="0" failures="1">
  <properties>
[...]
</properties>
  <testcase name="SortNameTestAToZ[{zipcode=22900, lastName=Gutierrez, password=secret_sauce, name=Esau, email=standard_user, productName=Sauce Labs Fleece Jacket, confirmationMessage=Thank you for your order!}](1)" classname="esauCompany.Tests.ProductPageTest" time="0.635"/>
  <testcase name="SortNameTestZToA[{zipcode=22900, lastName=Gutierrez, password=secret_sauce, name=Esau, email=standard_user, productName=Sauce Labs Fleece Jacket, confirmationMessage=Thank you for your order!}](1)" classname="esauCompany.Tests.ProductPageTest" time="0.423"/>
  <testcase name="SortPriceHighToLow[{zipcode=22900, lastName=Gutierrez, password=secret_sauce, name=Esau, email=standard_user, productName=Sauce Labs Fleece Jacket, confirmationMessage=Thank you for your order!}](1)" classname="esauCompany.Tests.ProductPageTest" time="0.422"/>
  <testcase name="SortPriceLowToHigh[{zipcode=22900, lastName=Gutierrez, password=secret_sauce, name=Esau, email=standard_user, productName=Sauce Labs Fleece Jacket, confirmationMessage=Thank you for your order!}](1)" classname="esauCompany.Tests.ProductPageTest" time="0.664">
    <failure message="Prices not sorted low to high.: Lists differ at element [0]: 7.99 != 49.99 expected [7.99] but found [49.99]" type="java.lang.AssertionError"><![CDATA[java.lang.AssertionError: Prices not sorted low to high.: Lists differ at element [0]: 7.99 != 49.99 expected [7.99] but found [49.99]
	at org.testng.Assert.fail(Assert.java:111)
	at org.testng.Assert.failNotEquals(Assert.java:1590)
	at org.testng.Assert.assertEqualsImpl(Assert.java:150)
	at org.testng.Assert.assertEquals(Assert.java:1656)
	at esauCompany.Tests.ProductPageTest.SortPriceLowToHigh(ProductPageTest.java:57)
	at java.base/jdk.internal.reflect.NativeMethodAccessorImpl.invoke0(Native Method)
	at java.base/jdk.internal.reflect.NativeMethodAccessorImpl.invoke(NativeMethodAccessorImpl.java:77)
	at java.base/jdk.internal.reflect.DelegatingMethodAccessorImpl.invoke(DelegatingMethodAccessorImpl.java:43)
	at java.base/java.lang.reflect.Method.invoke(Method.java:569)
	at org.testng.internal.invokers.MethodInvocationHelper.invokeMethod(MethodInvocationHelper.java:141)
	at org.testng.internal.invokers.TestInvoker.invokeMethod(TestInvoker.java:687)
	at org.testng.internal.invokers.TestInvoker.invokeTestMethod(TestInvoker.java:230)
	at org.testng.internal.invokers.MethodRunner.runInSequence(MethodRunner.java:63)
	at org.testng.internal.invokers.TestInvoker$MethodInvocationAgent.invoke(TestInvoker.java:995)
	at org.testng.internal.invokers.TestInvoker.invokeTestMethods(TestInvoker.java:203)
	at org.testng.internal.invokers.TestMethodWorker.invokeTestMethods(TestMethodWorker.java:154)
	at org.testng.internal.invokers.TestMethodWorker.run(TestMethodWorker.java:134)
	at java.base/java.util.ArrayList.forEach(ArrayList.java:1511)
	at org.testng.TestRunner.privateRun(TestRunner.java:741)
	at org.testng.TestRunner.run(TestRunner.java:616)
	at org.testng.SuiteRunner.runTest(SuiteRunner.java:421)
	at org.testng.SuiteRunner$SuiteWorker.run(SuiteRunner.java:463)
	at org.testng.internal.thread.ThreadUtil.lambda$execute$0(ThreadUtil.java:64)
	at java.base/java.util.concurrent.FutureTask.run(FutureTask.java:264)
	at java.base/java.util.concurrent.ThreadPoolExecutor.runWorker(ThreadPoolExecutor.java:1136)
	at java.base/java.util.concurrent.ThreadPoolExecutor$Worker.run(ThreadPoolExecutor.java:635)
	at java.base/java.lang.Thread.run(Thread.java:840)
]]></failure>
  </testcase>
</testsuite>