<?xml version="1.0" encoding="UTF-8"?>
<testng-results ignored="0" total="1" passed="1" failed="0" skipped="0">
  <reporter-output>
  </reporter-output>
  <suite started-at="2024-06-04T11:12:55 PDT" name="Suite" finished-at="2024-06-04T11:12:58 PDT" duration-ms="3599">
    <groups>
      <group name="Purchase">
        <method signature="LoginTest.login()[pri:0, instance:esauCompany.Tests.LoginTest@815b41f]" name="login" class="esauCompany.Tests.LoginTest"/>
      </group> <!-- Purchase -->
    </groups>
    <test started-at="2024-06-04T11:12:55 PDT" name="Shopping Test" finished-at="2024-06-04T11:12:55 PDT" duration-ms="7">
    </test> <!-- Shopping Test -->
    <test started-at="2024-06-04T11:12:55 PDT" name="Login Test" finished-at="2024-06-04T11:12:58 PDT" duration-ms="3556">
      <class name="esauCompany.Tests.LoginTest">
        <test-method is-config="true" signature="launchApplication()[pri:0, instance:esauCompany.Tests.LoginTest@815b41f]" started-at="2024-06-04T11:12:55 PDT" name="launchApplication" finished-at="2024-06-04T11:12:58 PDT" duration-ms="3193" status="PASS">
          <reporter-output>
          </reporter-output>
        </test-method> <!-- launchApplication -->
        <test-method signature="login()[pri:0, instance:esauCompany.Tests.LoginTest@815b41f]" started-at="2024-06-04T11:12:58 PDT" name="login" finished-at="2024-06-04T11:12:58 PDT" duration-ms="258" status="PASS">
          <reporter-output>
          </reporter-output>
        </test-method> <!-- login -->
        <test-method is-config="true" signature="tearDown()[pri:0, instance:esauCompany.Tests.LoginTest@815b41f]" started-at="2024-06-04T11:12:58 PDT" name="tearDown" finished-at="2024-06-04T11:12:58 PDT" duration-ms="79" status="PASS">
          <reporter-output>
          </reporter-output>
        </test-method> <!-- tearDown -->
      </class> <!-- esauCompany.Tests.LoginTest -->
    </test> <!-- Login Test -->
  </suite> <!-- Suite -->
</testng-results>
