<?xml version="1.0" encoding="UTF-8"?>
<testng-results ignored="0" total="4" passed="4" failed="0" skipped="0">
  <reporter-output>
  </reporter-output>
  <suite started-at="2025-06-10T10:27:20 PDT" name="Suite" finished-at="2025-06-10T10:27:32 PDT" duration-ms="11410">
    <groups>
    </groups>
    <test started-at="2025-06-10T10:27:20 PDT" name="Sort Test" finished-at="2025-06-10T10:27:32 PDT" duration-ms="11410">
      <class name="esauCompany.Tests.ProductPageTest">
        <test-method is-config="true" signature="launchApplication()[pri:0, instance:esauCompany.Tests.ProductPageTest@4007f65e]" started-at="2025-06-10T10:27:21 PDT" name="launchApplication" finished-at="2025-06-10T10:27:26 PDT" duration-ms="5172" status="PASS">
          <reporter-output>
          </reporter-output>
        </test-method> <!-- launchApplication -->
        <test-method signature="SortNameTestAToZ(java.util.HashMap)[pri:0, instance:esauCompany.Tests.ProductPageTest@4007f65e]" started-at="2025-06-10T10:27:26 PDT" name="SortNameTestAToZ" data-provider="getData" finished-at="2025-06-10T10:27:26 PDT" duration-ms="433" status="PASS">
          <params>
            <param index="0">
              <value>
                <![CDATA[{zipcode=22900, lastName=Gutierrez, password=secret_sauce, name=Esau, email=standard_user, productName=Sauce Labs Fleece Jacket, confirmationMessage=Thank you for your order!}]]>
              </value>
            </param>
          </params>
          <reporter-output>
          </reporter-output>
        </test-method> <!-- SortNameTestAToZ -->
        <test-method is-config="true" signature="tearDown()[pri:0, instance:esauCompany.Tests.ProductPageTest@4007f65e]" started-at="2025-06-10T10:27:26 PDT" name="tearDown" finished-at="2025-06-10T10:27:26 PDT" duration-ms="94" status="PASS">
          <reporter-output>
          </reporter-output>
        </test-method> <!-- tearDown -->
        <test-method is-config="true" signature="launchApplication()[pri:0, instance:esauCompany.Tests.ProductPageTest@4007f65e]" started-at="2025-06-10T10:27:26 PDT" name="launchApplication" finished-at="2025-06-10T10:27:28 PDT" duration-ms="1297" status="PASS">
          <reporter-output>
          </reporter-output>
        </test-method> <!-- launchApplication -->
        <test-method signature="SortNameTestZToA(java.util.HashMap)[pri:0, instance:esauCompany.Tests.ProductPageTest@4007f65e]" started-at="2025-06-10T10:27:28 PDT" name="SortNameTestZToA" data-provider="getData" finished-at="2025-06-10T10:27:28 PDT" duration-ms="416" status="PASS">
          <params>
            <param index="0">
              <value>
                <![CDATA[{zipcode=22900, lastName=Gutierrez, password=secret_sauce, name=Esau, email=standard_user, productName=Sauce Labs Fleece Jacket, confirmationMessage=Thank you for your order!}]]>
              </value>
            </param>
          </params>
          <reporter-output>
          </reporter-output>
        </test-method> <!-- SortNameTestZToA -->
        <test-method is-config="true" signature="tearDown()[pri:0, instance:esauCompany.Tests.ProductPageTest@4007f65e]" started-at="2025-06-10T10:27:28 PDT" name="tearDown" finished-at="2025-06-10T10:27:28 PDT" duration-ms="104" status="PASS">
          <reporter-output>
          </reporter-output>
        </test-method> <!-- tearDown -->
        <test-method is-config="true" signature="launchApplication()[pri:0, instance:esauCompany.Tests.ProductPageTest@4007f65e]" started-at="2025-06-10T10:27:28 PDT" name="launchApplication" finished-at="2025-06-10T10:27:29 PDT" duration-ms="1315" status="PASS">
          <reporter-output>
          </reporter-output>
        </test-method> <!-- launchApplication -->
        <test-method signature="SortPriceHighToLow(java.util.HashMap)[pri:0, instance:esauCompany.Tests.ProductPageTest@4007f65e]" started-at="2025-06-10T10:27:29 PDT" name="SortPriceHighToLow" data-provider="getData" finished-at="2025-06-10T10:27:30 PDT" duration-ms="432" status="PASS">
          <params>
            <param index="0">
              <value>
                <![CDATA[{zipcode=22900, lastName=Gutierrez, password=secret_sauce, name=Esau, email=standard_user, productName=Sauce Labs Fleece Jacket, confirmationMessage=Thank you for your order!}]]>
              </value>
            </param>
          </params>
          <reporter-output>
          </reporter-output>
        </test-method> <!-- SortPriceHighToLow -->
        <test-method is-config="true" signature="tearDown()[pri:0, instance:esauCompany.Tests.ProductPageTest@4007f65e]" started-at="2025-06-10T10:27:30 PDT" name="tearDown" finished-at="2025-06-10T10:27:30 PDT" duration-ms="96" status="PASS">
          <reporter-output>
          </reporter-output>
        </test-method> <!-- tearDown -->
        <test-method is-config="true" signature="launchApplication()[pri:0, instance:esauCompany.Tests.ProductPageTest@4007f65e]" started-at="2025-06-10T10:27:30 PDT" name="launchApplication" finished-at="2025-06-10T10:27:31 PDT" duration-ms="1219" status="PASS">
          <reporter-output>
          </reporter-output>
        </test-method> <!-- launchApplication -->
        <test-method signature="SortPriceLowToHigh(java.util.HashMap)[pri:0, instance:esauCompany.Tests.ProductPageTest@4007f65e]" started-at="2025-06-10T10:27:31 PDT" name="SortPriceLowToHigh" data-provider="getData" finished-at="2025-06-10T10:27:32 PDT" duration-ms="405" status="PASS">
          <params>
            <param index="0">
              <value>
                <![CDATA[{zipcode=22900, lastName=Gutierrez, password=secret_sauce, name=Esau, email=standard_user, productName=Sauce Labs Fleece Jacket, confirmationMessage=Thank you for your order!}]]>
              </value>
            </param>
          </params>
          <reporter-output>
          </reporter-output>
        </test-method> <!-- SortPriceLowToHigh -->
        <test-method is-config="true" signature="tearDown()[pri:0, instance:esauCompany.Tests.ProductPageTest@4007f65e]" started-at="2025-06-10T10:27:32 PDT" name="tearDown" finished-at="2025-06-10T10:27:32 PDT" duration-ms="101" status="PASS">
          <reporter-output>
          </reporter-output>
        </test-method> <!-- tearDown -->
      </class> <!-- esauCompany.Tests.ProductPageTest -->
    </test> <!-- Sort Test -->
  </suite> <!-- Suite -->
</testng-results>
